#
# A fatal error has been detected by the Java Runtime Environment:
#
#  EXCEPTION_ACCESS_VIOLATION (0xc0000005) at pc=0x19d22920, pid=2740, tid=7716
#
# JRE version: Java(TM) SE Runtime Environment (8.0_51-b16) (build 1.8.0_51-b16)
# Java VM: Java HotSpot(TM) Client VM (25.51-b03 mixed mode windows-x86 )
# Problematic frame:
# C  [dd.dll+0x12920]
#
# Failed to write core dump. Minidumps are not enabled by default on client versions of Windows
#
# If you would like to submit a bug report, please visit:
#   http://bugreport.java.com/bugreport/crash.jsp
# The crash happened outside the Java Virtual Machine in native code.
# See problematic frame for where to report the bug.
#

---------------  T H R E A D  ---------------

Current thread (0x022cc000):  JavaThread "main" [_thread_in_native, id=7716, stack(0x023e0000,0x02430000)]

siginfo: ExceptionCode=0xc0000005, reading address 0x00000014

Registers:
EAX=0x00000000, EBX=0x00000000, ECX=0x022cc140, EDX=0x00000014
ESP=0x0242f9c0, EBP=0x0242f9d8, ESI=0x00000014, EDI=0x022cc000
EIP=0x19d22920, EFLAGS=0x00010297

Top of Stack: (sp=0x0242f9c0)
0x0242f9c0:   022cc000 19abe6f0 022ca340 000014b7
0x0242f9d0:   19abe6f0 19abe6f0 0242f9f8 19d115b9
0x0242f9e0:   00000000 00000014 022cc000 19abe6f0
0x0242f9f0:   19abe6f0 19abe6f0 0242fa08 152e139a
0x0242fa00:   00000000 00000014 0242fa44 0270aca3
0x0242fa10:   022cc140 0242fa4c 00000014 19abe6f0
0x0242fa20:   0270aa96 0242fa24 19abe6f0 0242fa54
0x0242fa30:   19aeaa98 00000000 19abe6f0 00000000 

Instructions: (pc=0x19d22920)
0x19d22900:   55 31 c0 89 e5 56 53 83 ec 10 8b 75 0c 8b 5d 08
0x19d22910:   81 fe fd ff 00 00 77 33 90 8d b4 26 00 00 00 00
0x19d22920:   8b 53 14 31 c9 89 8b 38 01 00 00 89 54 24 0c 8b
0x19d22930:   43 10 89 74 24 04 89 1c 24 89 44 24 08 e8 0e 37 


Register to memory mapping:

EAX=0x00000000 is an unknown value
EBX=0x00000000 is an unknown value
ECX=0x022cc140 is an unknown value
EDX=0x00000014 is an unknown value
ESP=0x0242f9c0 is pointing into the stack for thread: 0x022cc000
EBP=0x0242f9d8 is pointing into the stack for thread: 0x022cc000
ESI=0x00000014 is an unknown value
EDI=0x022cc000 is a thread


Stack: [0x023e0000,0x02430000],  sp=0x0242f9c0,  free space=318k
Native frames: (J=compiled Java code, j=interpreted, Vv=VM code, C=native code)
C  [dd.dll+0x12920]
C  [dd.dll+0x15b9]
C  [jdd.dll+0x139a]
j  jdd.JDD.DD_Var(I)J+0
j  jdd.JDD.Var(I)Ljdd/JDDNode;+5
j  prism.Modules2MTBDD.allocateDDVars()V+504
j  prism.Modules2MTBDD.translate()Lprism/Model;+91
j  adapt.plan.Test.main([Ljava/lang/String;)V+54
v  ~StubRoutines::call_stub
V  [jvm.dll+0x155dc5]
V  [jvm.dll+0x21b31e]
V  [jvm.dll+0x155e5e]
V  [jvm.dll+0xdad37]
V  [jvm.dll+0xe32df]
C  [javaw.exe+0x229a]
C  [javaw.exe+0xae2f]
C  [javaw.exe+0xaeb9]
C  [kernel32.dll+0x1338a]
C  [ntdll.dll+0x39882]
C  [ntdll.dll+0x39855]
C  0x00000000

Java frames: (J=compiled Java code, j=interpreted, Vv=VM code)
j  jdd.JDD.DD_Var(I)J+0
j  jdd.JDD.Var(I)Ljdd/JDDNode;+5
j  prism.Modules2MTBDD.allocateDDVars()V+504
j  prism.Modules2MTBDD.translate()Lprism/Model;+91
j  adapt.plan.Test.main([Ljava/lang/String;)V+54
v  ~StubRoutines::call_stub

---------------  P R O C E S S  ---------------

Java Threads: ( => current thread )
  0x1685cc00 JavaThread "Swing-Shell" daemon [_thread_blocked, id=8712, stack(0x16f10000,0x16f60000)]
  0x167f5400 JavaThread "Image Fetcher 0" daemon [_thread_blocked, id=8404, stack(0x15040000,0x15090000)]
  0x14e2d800 JavaThread "AWT-Windows" daemon [_thread_in_native, id=5936, stack(0x15300000,0x15350000)]
  0x14e2a400 JavaThread "Java2D Disposer" daemon [_thread_blocked, id=7912, stack(0x15550000,0x155a0000)]
  0x14cd6c00 JavaThread "Service Thread" daemon [_thread_blocked, id=8864, stack(0x15350000,0x153a0000)]
  0x14cb6400 JavaThread "C1 CompilerThread0" daemon [_thread_blocked, id=5528, stack(0x151d0000,0x15220000)]
  0x14cb5400 JavaThread "Attach Listener" daemon [_thread_blocked, id=3520, stack(0x15290000,0x152e0000)]
  0x14cb2400 JavaThread "Signal Dispatcher" daemon [_thread_blocked, id=4132, stack(0x15180000,0x151d0000)]
  0x14c81400 JavaThread "Finalizer" daemon [_thread_blocked, id=5856, stack(0x15090000,0x150e0000)]
  0x14c7c800 JavaThread "Reference Handler" daemon [_thread_blocked, id=8636, stack(0x14fe0000,0x15030000)]
=>0x022cc000 JavaThread "main" [_thread_in_native, id=7716, stack(0x023e0000,0x02430000)]

Other Threads:
  0x14c78800 VMThread [stack: 0x14ed0000,0x14f20000] [id=1872]
  0x14cd7c00 WatcherThread [stack: 0x14f90000,0x14fe0000] [id=4612]

VM state:not at safepoint (normal execution)

VM Mutex/Monitor currently owned by a thread: None

Heap:
 def new generation   total 4928K, used 1212K [0x04800000, 0x04d50000, 0x09d50000)
  eden space 4416K,  15% used [0x04800000, 0x048af2b8, 0x04c50000)
  from space 512K, 100% used [0x04c50000, 0x04cd0000, 0x04cd0000)
  to   space 512K,   0% used [0x04cd0000, 0x04cd0000, 0x04d50000)
 tenured generation   total 10944K, used 2136K [0x09d50000, 0x0a800000, 0x14800000)
   the space 10944K,  19% used [0x09d50000, 0x09f661a0, 0x09f66200, 0x0a800000)
 Metaspace       used 7725K, capacity 7911K, committed 8064K, reserved 8576K

Card table byte_map: [0x022d0000,0x02360000] byte_map_base: 0x022ac000

Polling page: 0x001a0000

CodeCache: size=32768Kb used=989Kb max_used=989Kb free=31778Kb
 bounds [0x02700000, 0x027f8000, 0x04700000]
 total_blobs=487 nmethods=264 adapters=155
 compilation: enabled

Compilation events (10 events):
Event: 1.105 Thread 0x14cb6400  259             java.lang.CharacterDataLatin1::toUpperCase (53 bytes)
Event: 1.105 Thread 0x14cb6400 nmethod 259 0x027f3b08 code [0x027f3c00, 0x027f3cf0]
Event: 1.105 Thread 0x14cb6400  260             java.util.Arrays::copyOf (19 bytes)
Event: 1.106 Thread 0x14cb6400 nmethod 260 0x027f3e08 code [0x027f3f10, 0x027f407c]
Event: 1.130 Thread 0x14cb6400  261             java.util.concurrent.locks.ReentrantLock::unlock (10 bytes)
Event: 1.131 Thread 0x14cb6400 nmethod 261 0x027f4148 code [0x027f4260, 0x027f4358]
Event: 1.143 Thread 0x14cb6400  262             java.util.StringTokenizer::skipDelimiters (116 bytes)
Event: 1.144 Thread 0x14cb6400 nmethod 262 0x027f48c8 code [0x027f4a10, 0x027f4cc0]
Event: 1.144 Thread 0x14cb6400  263   !         java.util.concurrent.ConcurrentHashMap::putVal (362 bytes)
Event: 1.145 Thread 0x14cb6400 nmethod 263 0x027f4fc8 code [0x027f5170, 0x027f5a80]

GC Heap History (4 events):
Event: 0.497 GC heap before
{Heap before GC invocations=0 (full 0):
 def new generation   total 4928K, used 4416K [0x04800000, 0x04d50000, 0x09d50000)
  eden space 4416K, 100% used [0x04800000, 0x04c50000, 0x04c50000)
  from space 512K,   0% used [0x04c50000, 0x04c50000, 0x04cd0000)
  to   space 512K,   0% used [0x04cd0000, 0x04cd0000, 0x04d50000)
 tenured generation   total 10944K, used 0K [0x09d50000, 0x0a800000, 0x14800000)
   the space 10944K,   0% used [0x09d50000, 0x09d50000, 0x09d50200, 0x0a800000)
 Metaspace       used 5387K, capacity 5579K, committed 5632K, reserved 6528K
Event: 0.502 GC heap after
Heap after GC invocations=1 (full 0):
 def new generation   total 4928K, used 512K [0x04800000, 0x04d50000, 0x09d50000)
  eden space 4416K,   0% used [0x04800000, 0x04800000, 0x04c50000)
  from space 512K, 100% used [0x04cd0000, 0x04d50000, 0x04d50000)
  to   space 512K,   0% used [0x04c50000, 0x04c50000, 0x04cd0000)
 tenured generation   total 10944K, used 952K [0x09d50000, 0x0a800000, 0x14800000)
   the space 10944K,   8% used [0x09d50000, 0x09e3e0b0, 0x09e3e200, 0x0a800000)
 Metaspace       used 5387K, capacity 5579K, committed 5632K, reserved 6528K
}
Event: 1.122 GC heap before
{Heap before GC invocations=1 (full 0):
 def new generation   total 4928K, used 4928K [0x04800000, 0x04d50000, 0x09d50000)
  eden space 4416K, 100% used [0x04800000, 0x04c50000, 0x04c50000)
  from space 512K, 100% used [0x04cd0000, 0x04d50000, 0x04d50000)
  to   space 512K,   0% used [0x04c50000, 0x04c50000, 0x04cd0000)
 tenured generation   total 10944K, used 952K [0x09d50000, 0x0a800000, 0x14800000)
   the space 10944K,   8% used [0x09d50000, 0x09e3e0b0, 0x09e3e200, 0x0a800000)
 Metaspace       used 7465K, capacity 7655K, committed 7808K, reserved 8576K
Event: 1.127 GC heap after
Heap after GC invocations=2 (full 0):
 def new generation   total 4928K, used 512K [0x04800000, 0x04d50000, 0x09d50000)
  eden space 4416K,   0% used [0x04800000, 0x04800000, 0x04c50000)
  from space 512K, 100% used [0x04c50000, 0x04cd0000, 0x04cd0000)
  to   space 512K,   0% used [0x04cd0000, 0x04cd0000, 0x04d50000)
 tenured generation   total 10944K, used 2136K [0x09d50000, 0x0a800000, 0x14800000)
   the space 10944K,  19% used [0x09d50000, 0x09f661a0, 0x09f66200, 0x0a800000)
 Metaspace       used 7465K, capacity 7655K, committed 7808K, reserved 8576K
}

Deoptimization events (0 events):
No events

Internal exceptions (10 events):
Event: 0.037 Thread 0x022cc000 Exception <a 'java/lang/NoSuchMethodError': Method sun.misc.Unsafe.defineClass(Ljava/lang/String;[BII)Ljava/lang/Class; name or signature does not match> (0x0480b980) thrown at [C:\re\workspace\8-2-build-windows-i586-cygwin\jdk8u51\3951\hotspot\src\share\vìùub"£?
Event: 0.037 Thread 0x022cc000 Exception <a 'java/lang/NoSuchMethodError': Method sun.misc.Unsafe.prefetchRead(Ljava/lang/Object;J)V name or signature does not match> (0x0480bc00) thrown at [C:\re\workspace\8-2-build-windows-i586-cygwin\jdk8u51\3951\hotspot\src\share\vm\prims\jni.cpp, l5 Xñs×Ô?
Event: 0.326 Thread 0x022cc000 Exception <a 'java/security/PrivilegedActionException'> (0x049ffb38) thrown at [C:\re\workspace\8-2-build-windows-i586-cygwin\jdk8u51\3951\hotspot\src\share\vm\prims\jvm.cpp, line 1382]
Event: 0.326 Thread 0x022cc000 Exception <a 'java/security/PrivilegedActionException'> (0x049ffce8) thrown at [C:\re\workspace\8-2-build-windows-i586-cygwin\jdk8u51\3951\hotspot\src\share\vm\prims\jvm.cpp, line 1382]
Event: 0.326 Thread 0x022cc000 Exception <a 'java/security/PrivilegedActionException'> (0x04a03a08) thrown at [C:\re\workspace\8-2-build-windows-i586-cygwin\jdk8u51\3951\hotspot\src\share\vm\prims\jvm.cpp, line 1382]
Event: 0.326 Thread 0x022cc000 Exception <a 'java/security/PrivilegedActionException'> (0x04a03bb8) thrown at [C:\re\workspace\8-2-build-windows-i586-cygwin\jdk8u51\3951\hotspot\src\share\vm\prims\jvm.cpp, line 1382]
Event: 0.332 Thread 0x022cc000 Exception <a 'java/io/FileNotFoundException'> (0x04a08938) thrown at [C:\re\workspace\8-2-build-windows-i586-cygwin\jdk8u51\3951\hotspot\src\share\vm\prims\jni.cpp, line 709]
Event: 0.396 Thread 0x022cc000 Exception <a 'java/lang/NoSuchFieldError': method resolution failed> (0x04af1958) thrown at [C:\re\workspace\8-2-build-windows-i586-cygwin\jdk8u51\3951\hotspot\src\share\vm\prims\methodHandles.cpp, line 1125]
Event: 0.397 Thread 0x022cc000 Exception <a 'java/lang/NoSuchFieldError': method resolution failed> (0x04afee28) thrown at [C:\re\workspace\8-2-build-windows-i586-cygwin\jdk8u51\3951\hotspot\src\share\vm\prims\methodHandles.cpp, line 1125]
Event: 0.435 Thread 0x022cc000 Exception <a 'java/io/FileNotFoundException'> (0x04bcb458) thrown at [C:\re\workspace\8-2-build-windows-i586-cygwin\jdk8u51\3951\hotspot\src\share\vm\prims\jni.cpp, line 709]

Events (10 events):
Event: 1.150 loading class jdd/JDDVars
Event: 1.150 loading class jdd/JDDVars done
Event: 1.151 loading class java/lang/UnsatisfiedLinkError
Event: 1.152 loading class java/lang/UnsatisfiedLinkError done
Event: 1.152 loading class java/lang/ClassLoaderHelper
Event: 1.152 loading class java/lang/ClassLoaderHelper done
Event: 1.236 loading class jdd/JDD
Event: 1.236 loading class jdd/JDD done
Event: 1.240 loading class jdd/JDDNode
Event: 1.240 loading class jdd/JDDNode done


Dynamic libraries:
0x002b0000 - 0x002e3000 	C:\Program Files (x86)\Java\jre1.8.0_51\bin\javaw.exe
0x77d00000 - 0x77e80000 	C:\Windows\SysWOW64\ntdll.dll
0x75ae0000 - 0x75bf0000 	C:\Windows\syswow64\kernel32.dll
0x77810000 - 0x77857000 	C:\Windows\syswow64\KERNELBASE.dll
0x76840000 - 0x768e1000 	C:\Windows\syswow64\ADVAPI32.dll
0x76690000 - 0x7673c000 	C:\Windows\syswow64\msvcrt.dll
0x767d0000 - 0x767e9000 	C:\Windows\SysWOW64\sechost.dll
0x758e0000 - 0x759d0000 	C:\Windows\syswow64\RPCRT4.dll
0x75660000 - 0x756c0000 	C:\Windows\syswow64\SspiCli.dll
0x75650000 - 0x7565c000 	C:\Windows\syswow64\CRYPTBASE.dll
0x759e0000 - 0x75ae0000 	C:\Windows\syswow64\USER32.dll
0x76250000 - 0x762e0000 	C:\Windows\syswow64\GDI32.dll
0x762e0000 - 0x762ea000 	C:\Windows\syswow64\LPK.dll
0x763d0000 - 0x7646d000 	C:\Windows\syswow64\USP10.dll
0x73d90000 - 0x73f2e000 	C:\Windows\WinSxS\x86_microsoft.windows.common-controls_6595b64144ccf1df_6.0.7601.18837_none_41e855142bd5705d\COMCTL32.dll
0x77870000 - 0x778c7000 	C:\Windows\syswow64\SHLWAPI.dll
0x777b0000 - 0x77810000 	C:\Windows\system32\IMM32.DLL
0x75c10000 - 0x75cdc000 	C:\Windows\syswow64\MSCTF.dll
0x75120000 - 0x75166000 	C:\PROGRA~2\Sophos\SOPHOS~1\SOPHOS~1.DLL
0x777a0000 - 0x777a5000 	C:\Windows\syswow64\PSAPI.DLL
0x61590000 - 0x6164f000 	C:\Program Files (x86)\Java\jre1.8.0_51\bin\msvcr100.dll
0x6c010000 - 0x6c3d0000 	C:\Program Files (x86)\Java\jre1.8.0_51\bin\client\jvm.dll
0x71bf0000 - 0x71bf7000 	C:\Windows\system32\WSOCK32.dll
0x762f0000 - 0x76325000 	C:\Windows\syswow64\WS2_32.dll
0x76330000 - 0x76336000 	C:\Windows\syswow64\NSI.dll
0x73f90000 - 0x73fc2000 	C:\Windows\system32\WINMM.dll
0x74760000 - 0x74769000 	C:\Windows\system32\VERSION.dll
0x73fe0000 - 0x73fec000 	C:\Program Files (x86)\Java\jre1.8.0_51\bin\verify.dll
0x6e500000 - 0x6e521000 	C:\Program Files (x86)\Java\jre1.8.0_51\bin\java.dll
0x6fa80000 - 0x6fa93000 	C:\Program Files (x86)\Java\jre1.8.0_51\bin\zip.dll
0x76920000 - 0x7756b000 	C:\Windows\syswow64\SHELL32.dll
0x760f0000 - 0x7624c000 	C:\Windows\syswow64\ole32.dll
0x77570000 - 0x7757b000 	C:\Windows\syswow64\profapi.dll
0x61db0000 - 0x61ef5000 	C:\Program Files (x86)\Java\jre1.8.0_51\bin\awt.dll
0x76740000 - 0x767cf000 	C:\Windows\syswow64\OLEAUT32.dll
0x6fe40000 - 0x6fec0000 	C:\Windows\system32\uxtheme.dll
0x6ac70000 - 0x6ac83000 	C:\Windows\system32\dwmapi.dll
0x6ada0000 - 0x6ae24000 	C:\Windows\WinSxS\x86_microsoft.windows.common-controls_6595b64144ccf1df_5.82.7601.18837_none_ec86b8d6858ec0bc\comctl32.dll
0x61720000 - 0x61759000 	C:\Program Files (x86)\Java\jre1.8.0_51\bin\fontmanager.dll
0x64270000 - 0x64433000 	C:\Windows\system32\d3d9.dll
0x6e360000 - 0x6e366000 	C:\Windows\system32\d3d8thk.dll
0x60a80000 - 0x60df8000 	C:\Windows\system32\atiumdag.dll
0x605c0000 - 0x6089a000 	C:\Windows\system32\atiumdva.dll
0x6e4e0000 - 0x6e4f5000 	C:\Program Files (x86)\Java\jre1.8.0_51\bin\net.dll
0x73820000 - 0x73842000 	C:\ProgramData\Sophos\Web Intelligence\swi_ifslsp.dll
0x737e0000 - 0x7381c000 	C:\Windows\system32\mswsock.dll
0x6fe10000 - 0x6fe16000 	C:\Windows\System32\wship6.dll
0x73700000 - 0x7370f000 	C:\Program Files (x86)\Java\jre1.8.0_51\bin\nio.dll
0x616f0000 - 0x61720000 	C:\Program Files (x86)\Java\jre1.8.0_51\bin\t2k.dll
0x73410000 - 0x7345c000 	C:\Windows\system32\apphelp.dll
0x765a0000 - 0x76623000 	C:\Windows\syswow64\CLBCatQ.DLL
0x6e890000 - 0x6ea28000 	C:\Windows\system32\NetworkExplorer.dll
0x73480000 - 0x73575000 	C:\Windows\system32\PROPSYS.dll
0x71e80000 - 0x71e92000 	C:\Windows\system32\MPR.dll
0x755e0000 - 0x755e8000 	C:\Windows\System32\drprov.dll
0x71bc0000 - 0x71be9000 	C:\Windows\System32\WINSTA.dll
0x6e870000 - 0x6e884000 	C:\Windows\System32\ntlanman.dll
0x6fbd0000 - 0x6fbe7000 	C:\Windows\System32\davclnt.dll
0x755d0000 - 0x755d8000 	C:\Windows\System32\DAVHLPR.dll
0x748e0000 - 0x748e9000 	C:\Windows\system32\netutils.dll
0x6fbc0000 - 0x6fbcb000 	C:\Windows\system32\cscapi.dll
0x748c0000 - 0x748d9000 	C:\Windows\system32\srvcli.dll
0x75330000 - 0x75351000 	C:\Windows\system32\ntmarta.dll
0x77720000 - 0x77765000 	C:\Windows\syswow64\WLDAP32.dll
0x6e280000 - 0x6e2af000 	C:\Windows\System32\shdocvw.dll
0x6e5e0000 - 0x6e5ea000 	C:\Windows\system32\slc.dll
0x748b0000 - 0x748bf000 	C:\Windows\system32\wkscli.dll
0x77580000 - 0x7771d000 	C:\Windows\syswow64\SETUPAPI.dll
0x77770000 - 0x77797000 	C:\Windows\syswow64\CFGMGR32.dll
0x76820000 - 0x76832000 	C:\Windows\syswow64\DEVOBJ.dll
0x5f670000 - 0x5f8a8000 	C:\Windows\system32\wpdshext.dll
0x6a3e0000 - 0x6a570000 	C:\Windows\WinSxS\x86_microsoft.windows.gdiplus_6595b64144ccf1df_1.1.7601.19061_none_72d6d48d86649709\gdiplus.dll
0x60160000 - 0x601e9000 	C:\Windows\system32\PortableDeviceApi.dll
0x768f0000 - 0x7691f000 	C:\Windows\syswow64\WINTRUST.dll
0x76470000 - 0x76591000 	C:\Windows\syswow64\CRYPT32.dll
0x767f0000 - 0x767fc000 	C:\Windows\syswow64\MSASN1.dll
0x600e0000 - 0x6011f000 	C:\Windows\system32\audiodev.dll
0x5fe70000 - 0x600d7000 	C:\Windows\system32\WMVCore.DLL
0x60120000 - 0x6015d000 	C:\Windows\system32\WMASF.DLL
0x68950000 - 0x68981000 	C:\Windows\system32\EhStorShell.dll
0x5fe40000 - 0x5fe62000 	C:\Windows\system32\EhStorAPI.dll
0x6fc00000 - 0x6fc09000 	C:\Windows\system32\LINKINFO.dll
0x152e0000 - 0x152f4000 	C:\Program Files (x86)\prism-games.beta.r5753\lib\jdd.dll
0x19d10000 - 0x19d79000 	C:\Program Files (x86)\prism-games.beta.r5753\lib\dd.dll
0x729b0000 - 0x72a9b000 	C:\Windows\system32\dbghelp.dll

VM Arguments:
jvm_args: -Dfile.encoding=Cp1252 
java_command: adapt.plan.Test
java_class_path (initial): H:\git\Planner\PlanningComp\bin;H:\git\Planner\PlanningComp\colt.jar;H:\git\Planner\PlanningComp\epsgraphics.jar;H:\git\Planner\PlanningComp\jcommon.jar;H:\git\Planner\PlanningComp\jfreechart.jar;H:\git\Planner\PlanningComp\pepa.zip;H:\git\Planner\PlanningComp\prism.jar
Launcher Type: SUN_STANDARD

Environment Variables:
PATH=C:/Program Files (x86)/Java/jre1.8.0_51/bin/client;C:/Program Files (x86)/Java/jre1.8.0_51/bin;C:/Program Files (x86)/Java/jre1.8.0_51/lib/i386;C:\ProgramData\Oracle\Java\javapath;C:\Windows\system32;C:\Windows;C:\Windows\System32\Wbem;C:\Windows\System32\WindowsPowerShell\v1.0\;C:\Program Files (x86)\WinSCP\;C:\Program Files (x86)\QuickTime\QTSystem\;C:\Program Files\TortoiseSVN\bin;C:\Program Files\MATLAB\R2014b\runtime\win64;C:\Program Files\MATLAB\R2014b\bin;C:\Program Files\MiKTeX 2.9\miktex\bin\x64\;C:\Program Files (x86)\Skype\Phone\;C:\Program Files (x86)\prism-games.beta.r5753\lib;C:\Program Files (x86)\prism-games.beta.r5753\bin;C:\Program Files (x86)\eclipse;
USERNAME=azlani
OS=Windows_NT
PROCESSOR_IDENTIFIER=Intel64 Family 6 Model 23 Stepping 10, GenuineIntel



---------------  S Y S T E M  ---------------

OS: Windows 7 , 64 bit Build 7601 (6.1.7601.19110)

CPU:total 4 (4 cores per cpu, 1 threads per core) family 6 model 23 stepping 10, cmov, cx8, fxsr, mmx, sse, sse2, sse3, ssse3, sse4.1, tsc

Memory: 4k page, physical 8255088k(4303640k free), swap 16508340k(12393652k free)

vm_info: Java HotSpot(TM) Client VM (25.51-b03) for windows-x86 JRE (1.8.0_51-b16), built on Jun  8 2015 18:00:23 by "java_re" with MS VC++ 10.0 (VS2010)

time: Mon Jan 25 14:12:06 2016
elapsed time: 10 seconds (0d 0h 0m 10s)

